TN:
SF:./src/client/app/admin/admin.module.js
FN:1,(anonymous_1)
FNF:1
FNH:1
FNDA:1,(anonymous_1)
DA:1,1
DA:4,1
LF:2
LH:2
BRF:0
BRH:0
end_of_record
TN:
SF:./src/client/app/app.module.js
FN:1,(anonymous_1)
FNF:1
FNH:1
FNDA:1,(anonymous_1)
DA:1,1
DA:4,1
LF:2
LH:2
BRF:0
BRH:0
end_of_record
TN:
SF:./src/client/app/blocks/exception/exception.module.js
FN:1,(anonymous_1)
FNF:1
FNH:1
FNDA:1,(anonymous_1)
DA:1,1
DA:4,1
LF:2
LH:2
BRF:0
BRH:0
end_of_record
TN:
SF:./src/client/app/blocks/logger/logger.module.js
FN:1,(anonymous_1)
FNF:1
FNH:1
FNDA:1,(anonymous_1)
DA:1,1
DA:4,1
LF:2
LH:2
BRF:0
BRH:0
end_of_record
TN:
SF:./src/client/app/blocks/router/router.module.js
FN:1,(anonymous_1)
FNF:1
FNH:1
FNDA:1,(anonymous_1)
DA:1,1
DA:4,1
LF:2
LH:2
BRF:0
BRH:0
end_of_record
TN:
SF:./src/client/app/core/core.module.js
FN:1,(anonymous_1)
FNF:1
FNH:1
FNDA:1,(anonymous_1)
DA:1,1
DA:4,1
LF:2
LH:2
BRF:0
BRH:0
end_of_record
TN:
SF:./src/client/app/dashboard/dashboard.module.js
FN:1,(anonymous_1)
FNF:1
FNH:1
FNDA:1,(anonymous_1)
DA:1,1
DA:4,1
LF:2
LH:2
BRF:0
BRH:0
end_of_record
TN:
SF:./src/client/app/expenses/expenses.module.js
FN:1,(anonymous_1)
FNF:1
FNH:1
FNDA:1,(anonymous_1)
DA:1,1
DA:4,1
LF:2
LH:2
BRF:0
BRH:0
end_of_record
TN:
SF:./src/client/app/layout/layout.module.js
FN:1,(anonymous_1)
FNF:1
FNH:1
FNDA:1,(anonymous_1)
DA:1,1
DA:4,1
LF:2
LH:2
BRF:0
BRH:0
end_of_record
TN:
SF:./src/client/app/user/user.module.js
FN:1,(anonymous_1)
FNF:1
FNH:1
FNDA:1,(anonymous_1)
DA:1,1
DA:4,1
LF:2
LH:2
BRF:0
BRH:0
end_of_record
TN:
SF:./src/client/app/widgets/widgets.module.js
FN:1,(anonymous_1)
FNF:1
FNH:1
FNDA:1,(anonymous_1)
DA:1,1
DA:4,1
LF:2
LH:2
BRF:0
BRH:0
end_of_record
TN:
SF:./src/client/app/admin/admin.controller.js
FN:1,(anonymous_1)
FN:10,AdminController
FN:16,activate
FNF:3
FNH:3
FNDA:1,(anonymous_1)
FNDA:3,AdminController
FNDA:3,activate
DA:1,1
DA:4,1
DA:8,1
DA:10,1
DA:11,3
DA:12,3
DA:14,3
DA:16,1
DA:17,3
LF:9
LH:9
BRF:0
BRH:0
end_of_record
TN:
SF:./src/client/app/admin/admin.route.js
FN:1,(anonymous_1)
FN:10,appRun
FN:14,getStates
FNF:3
FNH:3
FNDA:1,(anonymous_1)
FNDA:6,appRun
FNDA:6,getStates
DA:1,1
DA:4,1
DA:8,1
DA:10,1
DA:11,6
DA:14,1
DA:15,6
LF:7
LH:7
BRF:0
BRH:0
end_of_record
TN:
SF:./src/client/app/blocks/exception/exception-handler.provider.js
FN:3,(anonymous_1)
FN:14,exceptionHandlerProvider
FN:20,(anonymous_3)
FN:24,(anonymous_4)
FN:37,config
FN:50,extendExceptionHandler
FN:51,(anonymous_7)
FNF:7
FNH:7
FNDA:1,(anonymous_1)
FNDA:38,exceptionHandlerProvider
FNDA:35,(anonymous_3)
FNDA:40,(anonymous_4)
FNDA:38,config
FNDA:38,extendExceptionHandler
FNDA:1,(anonymous_7)
DA:3,1
DA:6,1
DA:14,1
DA:16,38
DA:20,38
DA:21,35
DA:24,38
DA:25,40
DA:29,1
DA:37,1
DA:38,38
DA:41,1
DA:50,1
DA:51,38
DA:52,1
DA:53,1
DA:54,1
DA:55,1
DA:65,0
LF:19
LH:18
BRDA:52,1,0,1
BRDA:52,1,1,0
BRF:2
BRH:1
end_of_record
TN:
SF:./src/client/app/blocks/exception/exception.js
FN:1,(anonymous_1)
FN:9,exception
FN:15,catcher
FN:16,(anonymous_4)
FNF:4
FNH:2
FNDA:1,(anonymous_1)
FNDA:8,exception
FNDA:0,catcher
FNDA:0,(anonymous_4)
DA:1,1
DA:4,1
DA:9,1
DA:10,8
DA:13,8
DA:15,1
DA:16,0
DA:17,0
DA:18,0
DA:19,0
DA:20,0
DA:21,0
DA:23,0
DA:24,0
DA:25,0
LF:15
LH:6
BRDA:19,1,0,0
BRDA:19,1,1,0
BRDA:19,2,0,0
BRDA:19,2,1,0
BRF:4
BRH:0
end_of_record
TN:
SF:./src/client/app/blocks/logger/logger.js
FN:1,(anonymous_1)
FN:11,logger
FN:27,error
FN:32,info
FN:37,success
FN:42,warning
FNF:6
FNH:4
FNDA:1,(anonymous_1)
FNDA:38,logger
FNDA:0,error
FNDA:8,info
FNDA:3,success
FNDA:0,warning
DA:1,1
DA:4,1
DA:8,1
DA:11,1
DA:12,38
DA:24,38
DA:27,1
DA:28,0
DA:29,0
DA:32,1
DA:33,8
DA:34,8
DA:37,1
DA:38,3
DA:39,3
DA:42,1
DA:43,0
DA:44,0
LF:18
LH:14
BRF:0
BRH:0
end_of_record
TN:
SF:./src/client/app/blocks/router/router-helper.provider.js
FN:2,(anonymous_1)
FN:11,routerHelperProvider
FN:20,(anonymous_3)
FN:27,RouterHelper
FN:47,configureStates
FN:48,(anonymous_6)
FN:59,handleRoutingErrors
FN:64,(anonymous_8)
FN:82,init
FN:87,getStates
FN:89,updateDocTitle
FN:91,(anonymous_12)
FNF:12
FNH:11
FNDA:1,(anonymous_1)
FNDA:30,routerHelperProvider
FNDA:30,(anonymous_3)
FNDA:30,RouterHelper
FNDA:47,configureStates
FNDA:47,(anonymous_6)
FNDA:30,handleRoutingErrors
FNDA:0,(anonymous_8)
FNDA:30,init
FNDA:3,getStates
FNDA:30,updateDocTitle
FNDA:18,(anonymous_12)
DA:2,1
DA:5,1
DA:9,1
DA:11,1
DA:13,30
DA:18,30
DA:20,30
DA:21,30
DA:24,30
DA:25,30
DA:27,1
DA:28,30
DA:29,30
DA:30,30
DA:35,30
DA:41,30
DA:43,30
DA:47,1
DA:48,47
DA:49,47
DA:51,47
DA:53,47
DA:54,30
DA:55,30
DA:59,1
DA:63,30
DA:65,0
DA:66,0
DA:68,0
DA:69,0
DA:70,0
DA:73,0
DA:76,0
DA:77,0
DA:82,1
DA:83,30
DA:84,30
DA:87,3
DA:89,1
DA:90,30
DA:92,18
DA:93,18
DA:94,18
DA:95,18
LF:44
LH:36
BRDA:50,1,0,47
BRDA:50,1,1,47
BRDA:53,2,0,30
BRDA:53,2,1,17
BRDA:53,3,0,47
BRDA:53,3,1,33
BRDA:65,4,0,0
BRDA:65,4,1,0
BRDA:70,5,0,0
BRDA:70,5,1,0
BRDA:70,5,2,0
BRDA:70,5,3,0
BRDA:70,5,4,0
BRDA:74,6,0,0
BRDA:74,6,1,0
BRDA:74,7,0,0
BRDA:74,7,1,0
BRDA:75,8,0,0
BRDA:75,8,1,0
BRDA:94,9,0,18
BRDA:94,9,1,0
BRF:21
BRH:7
end_of_record
TN:
SF:./src/client/app/core/config.js
FN:1,(anonymous_1)
FN:10,toastrConfig
FN:26,configure
FNF:3
FNH:3
FNDA:1,(anonymous_1)
FNDA:30,toastrConfig
FNDA:30,configure
DA:1,1
DA:4,1
DA:6,1
DA:8,1
DA:10,1
DA:11,30
DA:12,30
DA:15,1
DA:20,1
DA:22,1
DA:24,1
DA:26,1
DA:27,30
DA:28,30
DA:30,30
DA:31,30
LF:16
LH:16
BRDA:27,1,0,30
BRDA:27,1,1,0
BRF:2
BRH:1
end_of_record
TN:
SF:./src/client/app/core/constants.js
FN:2,(anonymous_1)
FNF:1
FNH:1
FNDA:1,(anonymous_1)
DA:2,1
DA:5,1
LF:2
LH:2
BRF:0
BRH:0
end_of_record
TN:
SF:./src/client/app/core/core.route.js
FN:1,(anonymous_1)
FN:9,appRun
FN:14,getStates
FNF:3
FNH:3
FNDA:1,(anonymous_1)
FNDA:30,appRun
FNDA:30,getStates
DA:1,1
DA:4,1
DA:9,1
DA:10,30
DA:11,30
DA:14,1
DA:15,30
LF:7
LH:7
BRF:0
BRH:0
end_of_record
TN:
SF:./src/client/app/core/dataservice.js
FN:1,(anonymous_1)
FN:10,dataservice
FN:18,getMessageCount
FN:22,getBills
FN:27,success
FN:31,fail
FNF:6
FNH:2
FNDA:1,(anonymous_1)
FNDA:8,dataservice
FNDA:0,getMessageCount
FNDA:0,getBills
FNDA:0,success
FNDA:0,fail
DA:1,1
DA:4,1
DA:8,1
DA:10,1
DA:11,8
DA:16,8
DA:18,1
DA:19,0
DA:22,1
DA:23,0
DA:27,1
DA:28,0
DA:31,1
DA:32,0
LF:14
LH:10
BRF:0
BRH:0
end_of_record
TN:
SF:./src/client/app/core/userservice.js
FN:1,(anonymous_1)
FN:11,userservice
FN:23,forceSSL
FN:29,logout
FN:41,login
FN:48,register
FN:55,guest
FN:62,listen
FN:67,init
FN:96,emit
FN:100,updateToken
FNF:11
FNH:1
FNDA:1,(anonymous_1)
FNDA:0,userservice
FNDA:0,forceSSL
FNDA:0,logout
FNDA:0,login
FNDA:0,register
FNDA:0,guest
FNDA:0,listen
FNDA:0,init
FNDA:0,emit
FNDA:0,updateToken
DA:1,1
DA:4,1
DA:9,1
DA:11,1
DA:12,0
DA:21,0
DA:23,1
DA:24,0
DA:25,0
DA:29,1
DA:30,0
DA:31,0
DA:32,0
DA:33,0
DA:34,0
DA:36,0
DA:41,1
DA:42,0
DA:44,0
DA:48,1
DA:49,0
DA:51,0
DA:55,1
DA:56,0
DA:58,0
DA:62,1
DA:63,0
DA:64,0
DA:67,1
DA:68,0
DA:69,0
DA:70,0
DA:74,0
DA:76,0
DA:77,0
DA:79,0
DA:82,0
DA:84,0
DA:85,0
DA:88,0
DA:90,0
DA:91,0
DA:92,0
DA:96,1
DA:97,0
DA:100,1
DA:101,0
DA:102,0
DA:103,0
DA:104,0
LF:50
LH:13
BRDA:24,1,0,0
BRDA:24,1,1,0
BRDA:31,2,0,0
BRDA:31,2,1,0
BRDA:68,3,0,0
BRDA:68,3,1,0
BRDA:69,4,0,0
BRDA:69,4,1,0
BRDA:84,5,0,0
BRDA:84,5,1,0
BRF:10
BRH:0
end_of_record
TN:
SF:./src/client/app/dashboard/dashboard.controller.js
FN:1,(anonymous_1)
FN:10,DashboardController
FN:18,activate
FN:20,(anonymous_4)
FN:25,getBills
FN:26,(anonymous_6)
FN:42,(anonymous_7)
FN:44,AddBillController
FN:46,(anonymous_9)
FN:53,(anonymous_10)
FN:65,(anonymous_11)
FN:65,(anonymous_12)
FNF:12
FNH:6
FNDA:1,(anonymous_1)
FNDA:5,DashboardController
FNDA:5,activate
FNDA:5,(anonymous_4)
FNDA:5,getBills
FNDA:5,(anonymous_6)
FNDA:0,(anonymous_7)
FNDA:0,AddBillController
FNDA:0,(anonymous_9)
FNDA:0,(anonymous_10)
FNDA:0,(anonymous_11)
FNDA:0,(anonymous_12)
DA:1,1
DA:4,1
DA:8,1
DA:10,1
DA:11,5
DA:13,5
DA:14,5
DA:16,5
DA:18,1
DA:19,5
DA:20,5
DA:21,5
DA:25,1
DA:26,5
DA:27,5
DA:28,5
DA:42,5
DA:44,1
DA:45,0
DA:46,0
DA:48,0
DA:49,0
DA:53,0
DA:54,0
DA:55,0
DA:59,0
DA:65,0
DA:66,0
LF:28
LH:18
BRF:0
BRH:0
end_of_record
TN:
SF:./src/client/app/dashboard/dashboard.route.js
FN:1,(anonymous_1)
FN:10,appRun
FN:14,getStates
FNF:3
FNH:3
FNDA:1,(anonymous_1)
FNDA:8,appRun
FNDA:8,getStates
DA:1,1
DA:4,1
DA:8,1
DA:10,1
DA:11,8
DA:14,1
DA:15,8
LF:7
LH:7
BRF:0
BRH:0
end_of_record
TN:
SF:./src/client/app/expenses/expenses.controller.js
FN:1,(anonymous_1)
FN:10,ExpensesController
FN:18,activate
FN:20,(anonymous_4)
FN:25,getBills
FN:26,(anonymous_6)
FNF:6
FNH:1
FNDA:1,(anonymous_1)
FNDA:0,ExpensesController
FNDA:0,activate
FNDA:0,(anonymous_4)
FNDA:0,getBills
FNDA:0,(anonymous_6)
DA:1,1
DA:4,1
DA:8,1
DA:10,1
DA:11,0
DA:13,0
DA:14,0
DA:16,0
DA:18,1
DA:19,0
DA:20,0
DA:21,0
DA:25,1
DA:26,0
DA:27,0
DA:28,0
LF:16
LH:6
BRF:0
BRH:0
end_of_record
TN:
SF:./src/client/app/expenses/expenses.route.js
FN:1,(anonymous_1)
FN:10,appRun
FN:14,getStates
FNF:3
FNH:1
FNDA:1,(anonymous_1)
FNDA:0,appRun
FNDA:0,getStates
DA:1,1
DA:4,1
DA:8,1
DA:10,1
DA:11,0
DA:14,1
DA:15,0
LF:7
LH:5
BRF:0
BRH:0
end_of_record
TN:
SF:./src/client/app/layout/ht-sidebar.directive.js
FN:1,(anonymous_1)
FN:9,htSidebar
FN:25,link
FN:31,dropdown
FNF:4
FNH:4
FNDA:1,(anonymous_1)
FNDA:7,htSidebar
FNDA:7,link
FNDA:5,dropdown
DA:1,1
DA:4,1
DA:9,1
DA:16,7
DA:23,7
DA:25,1
DA:26,7
DA:27,7
DA:28,7
DA:29,7
DA:31,1
DA:32,5
DA:33,5
DA:34,5
DA:35,3
DA:36,3
DA:37,2
DA:38,2
DA:39,2
LF:19
LH:19
BRDA:34,1,0,3
BRDA:34,1,1,2
BRDA:37,2,0,2
BRDA:37,2,1,0
BRF:4
BRH:3
end_of_record
TN:
SF:./src/client/app/layout/ht-top-nav.directive.js
FN:1,(anonymous_1)
FN:9,htTopNav
FN:22,TopNavController
FNF:3
FNH:1
FNDA:1,(anonymous_1)
FNDA:0,htTopNav
FNDA:0,TopNavController
DA:1,1
DA:4,1
DA:9,1
DA:10,0
DA:22,1
DA:23,0
DA:26,0
LF:7
LH:4
BRF:0
BRH:0
end_of_record
TN:
SF:./src/client/app/layout/shell.controller.js
FN:1,(anonymous_1)
FN:10,ShellController
FN:18,activate
FN:23,hideSplash
FN:25,(anonymous_5)
FNF:5
FNH:5
FNDA:1,(anonymous_1)
FNDA:3,ShellController
FNDA:3,activate
FNDA:3,hideSplash
FNDA:1,(anonymous_5)
DA:1,1
DA:4,1
DA:8,1
DA:10,1
DA:11,3
DA:12,3
DA:13,3
DA:14,3
DA:16,3
DA:18,1
DA:19,3
DA:20,3
DA:23,1
DA:25,3
DA:26,1
LF:15
LH:15
BRF:0
BRH:0
end_of_record
TN:
SF:./src/client/app/layout/sidebar.controller.js
FN:1,(anonymous_1)
FN:10,SidebarController
FN:17,activate
FN:19,getNavRoutes
FN:20,(anonymous_5)
FN:22,(anonymous_6)
FN:27,isCurrent
FNF:7
FNH:6
FNDA:1,(anonymous_1)
FNDA:3,SidebarController
FNDA:3,activate
FNDA:3,getNavRoutes
FNDA:9,(anonymous_5)
FNDA:0,(anonymous_6)
FNDA:3,isCurrent
DA:1,1
DA:4,1
DA:8,1
DA:10,1
DA:11,3
DA:12,3
DA:13,3
DA:15,3
DA:17,3
DA:19,1
DA:20,3
DA:21,9
DA:23,0
DA:27,1
DA:28,3
DA:29,0
DA:31,3
DA:32,3
LF:18
LH:16
BRDA:21,1,0,9
BRDA:21,1,1,3
BRDA:28,2,0,0
BRDA:28,2,1,3
BRDA:28,3,0,3
BRDA:28,3,1,3
BRDA:28,3,2,3
BRDA:32,4,0,2
BRDA:32,4,1,1
BRF:9
BRH:8
end_of_record
TN:
SF:./src/client/app/user/user.controller.js
FN:42,(anonymous_1)
FN:51,UserController
FN:54,(anonymous_3)
FN:57,(anonymous_4)
FN:62,(anonymous_5)
FN:68,(anonymous_6)
FN:71,(anonymous_7)
FN:75,(anonymous_8)
FN:80,(anonymous_9)
FNF:9
FNH:1
FNDA:1,(anonymous_1)
FNDA:0,UserController
FNDA:0,(anonymous_3)
FNDA:0,(anonymous_4)
FNDA:0,(anonymous_5)
FNDA:0,(anonymous_6)
FNDA:0,(anonymous_7)
FNDA:0,(anonymous_8)
FNDA:0,(anonymous_9)
DA:42,1
DA:45,1
DA:49,1
DA:51,1
DA:52,0
DA:53,0
DA:54,0
DA:55,0
DA:56,0
DA:58,0
DA:59,0
DA:60,0
DA:61,0
DA:63,0
DA:64,0
DA:68,0
DA:69,0
DA:70,0
DA:72,0
DA:73,0
DA:74,0
DA:76,0
DA:80,0
DA:81,0
DA:82,0
DA:83,0
DA:84,0
LF:27
LH:4
BRF:0
BRH:0
end_of_record
TN:
SF:./src/client/app/user/user.route.js
FN:1,(anonymous_1)
FN:10,appRun
FN:14,getStates
FNF:3
FNH:1
FNDA:1,(anonymous_1)
FNDA:0,appRun
FNDA:0,getStates
DA:1,1
DA:4,1
DA:8,1
DA:10,1
DA:11,0
DA:14,1
DA:15,0
LF:7
LH:5
BRF:0
BRH:0
end_of_record
TN:
SF:./src/client/app/widgets/ht-img-person.directive.js
FN:1,(anonymous_1)
FN:10,htImgPerson
FN:21,link
FN:22,(anonymous_4)
FNF:4
FNH:1
FNDA:1,(anonymous_1)
FNDA:0,htImgPerson
FNDA:0,link
FNDA:0,(anonymous_4)
DA:1,1
DA:4,1
DA:8,1
DA:10,1
DA:13,0
DA:14,0
DA:15,0
DA:19,0
DA:21,1
DA:22,0
DA:23,0
DA:24,0
LF:12
LH:5
BRDA:23,1,0,0
BRDA:23,1,1,0
BRF:2
BRH:0
end_of_record
TN:
SF:./src/client/app/widgets/ht-widget-header.directive.js
FN:1,(anonymous_1)
FN:9,htWidgetHeader
FNF:2
FNH:1
FNDA:1,(anonymous_1)
FNDA:0,htWidgetHeader
DA:1,1
DA:4,1
DA:9,1
DA:16,0
DA:26,0
LF:5
LH:3
BRF:0
BRH:0
end_of_record
